<?xml version="1.0" encoding="UTF-8"?>
<!-- Generated by org.testng.reporters.JUnitReportReporter -->
<testsuite skipped="0" hostname="DESKTOP-TD5SET8" name="tests.SearchAPITest" tests="1" failures="0" timestamp="09 Oct 2023 10:44:16 GMT" time="3.586" errors="0">
  <testcase name="testSearchForFurryRabbits" time="3.586" classname="tests.SearchAPITest"/>
</testsuite> <!-- tests.SearchAPITest -->
