<?xml version="1.0" encoding="UTF-8"?>
<!-- Generated by org.testng.reporters.JUnitReportReporter -->
<testsuite skipped="0" hostname="DESKTOP-TD5SET8" name="tests.GetDetailsAPITest" tests="1" failures="0" timestamp="09 Oct 2023 11:17:35 GMT" time="3.860" errors="0">
  <testcase name="getPageDetails" time="3.860" classname="tests.GetDetailsAPITest"/>
</testsuite> <!-- tests.GetDetailsAPITest -->
