<?xml version="1.0" encoding="UTF-8"?>
<!-- Generated by org.testng.reporters.JUnitReportReporter -->
<testsuite skipped="0" hostname="DESKTOP-TD5SET8" name="tests.SearchAPITest" tests="1" failures="0" timestamp="09 Oct 2023 11:17:35 GMT" time="0.784" errors="0">
  <testcase name="testSearchForFurryRabbits" time="0.784" classname="tests.SearchAPITest"/>
</testsuite> <!-- tests.SearchAPITest -->
